2026-03-07T18:26:11.270+05:30  INFO 25672 --- [JAWS] [restartedMain] com.jaws.app.JawsApplication             : Starting JawsApplication using Java 17.0.10 with PID 25672 (D:\Sagar\Learning\Dev\JAWS Project\demo\target\classes started by Sagar in D:\Sagar\Learning\Dev\JAWS Project\demo)
2026-03-07T18:26:11.278+05:30  INFO 25672 --- [JAWS] [restartedMain] com.jaws.app.JawsApplication             : No active profile set, falling back to 1 default profile: "default"
2026-03-07T18:26:11.366+05:30  INFO 25672 --- [JAWS] [restartedMain] .e.DevToolsPropertyDefaultsPostProcessor : Devtools property defaults active! Set 'spring.devtools.add-properties' to 'false' to disable
2026-03-07T18:26:12.940+05:30  INFO 25672 --- [JAWS] [restartedMain] o.s.boot.tomcat.TomcatWebServer          : Tomcat initialized with port 8080 (http)
2026-03-07T18:26:12.964+05:30  INFO 25672 --- [JAWS] [restartedMain] o.apache.catalina.core.StandardService   : Starting service [Tomcat]
2026-03-07T18:26:12.965+05:30  INFO 25672 --- [JAWS] [restartedMain] o.apache.catalina.core.StandardEngine    : Starting Servlet engine: [Apache Tomcat/11.0.18]
2026-03-07T18:26:13.057+05:30  INFO 25672 --- [JAWS] [restartedMain] b.w.c.s.WebApplicationContextInitializer : Root WebApplicationContext: initialization completed in 1689 ms
2026-03-07T18:26:14.241+05:30  INFO 25672 --- [JAWS] [restartedMain] o.s.boot.tomcat.TomcatWebServer          : Tomcat started on port 8080 (http) with context path '/'
2026-03-07T18:26:14.266+05:30  INFO 25672 --- [JAWS] [restartedMain] com.jaws.app.JawsApplication             : Started JawsApplication in 3.793 seconds (process running for 4.7)
2026-03-07T18:26:44.645+05:30  INFO 25672 --- [JAWS] [http-nio-8080-exec-1] o.a.c.c.C.[Tomcat].[localhost].[/]       : Initializing Spring DispatcherServlet 'dispatcherServlet'
2026-03-07T18:26:44.647+05:30  INFO 25672 --- [JAWS] [http-nio-8080-exec-1] o.s.web.servlet.DispatcherServlet        : Initializing Servlet 'dispatcherServlet'
2026-03-07T18:26:44.652+05:30  INFO 25672 --- [JAWS] [http-nio-8080-exec-1] o.s.web.servlet.DispatcherServlet        : Completed initialization in 3 ms
2026-03-07T18:26:44.865+05:30  INFO 25672 --- [JAWS] [http-nio-8080-exec-1] com.zaxxer.hikari.HikariDataSource       : HikariPool-1 - Starting...
2026-03-07T18:26:46.130+05:30  INFO 25672 --- [JAWS] [http-nio-8080-exec-1] com.zaxxer.hikari.pool.HikariPool        : HikariPool-1 - Added connection com.mysql.cj.jdbc.ConnectionImpl@8c41c5e
2026-03-07T18:26:46.137+05:30  INFO 25672 --- [JAWS] [http-nio-8080-exec-1] com.zaxxer.hikari.HikariDataSource       : HikariPool-1 - Start completed.
2026-03-07T18:26:57.086+05:30  INFO 25672 --- [JAWS] [http-nio-8080-exec-3] com.jaws.app.dao.JawsDao                 : Due to duplicate key error, attendance not stored for eventId=2, memberUniqueId=259
2026-03-07T19:00:38.724+05:30  WARN 25672 --- [JAWS] [HikariPool-1:housekeeper] com.zaxxer.hikari.pool.HikariPool        : HikariPool-1 - Thread starvation or clock leap detected (housekeeper delta=13m52s89ms549µs600ns).
2026-03-07T19:25:45.260+05:30  WARN 25672 --- [JAWS] [HikariPool-1:housekeeper] com.zaxxer.hikari.pool.HikariPool        : HikariPool-1 - Thread starvation or clock leap detected (housekeeper delta=1m6s86ms915µs600ns).
2026-03-07T20:29:53.510+05:30  WARN 25672 --- [JAWS] [HikariPool-1:housekeeper] com.zaxxer.hikari.pool.HikariPool        : HikariPool-1 - Thread starvation or clock leap detected (housekeeper delta=40m35s399ms566µs400ns).
2026-03-07T20:48:53.970+05:30  WARN 25672 --- [JAWS] [HikariPool-1:housekeeper] com.zaxxer.hikari.pool.HikariPool        : HikariPool-1 - Thread starvation or clock leap detected (housekeeper delta=6m30s218ms941µs300ns).
2026-03-07T22:57:06.702+05:30  WARN 25672 --- [JAWS] [HikariPool-1:housekeeper] com.zaxxer.hikari.pool.HikariPool        : HikariPool-1 - Thread starvation or clock leap detected (housekeeper delta=53m11s597ms595µs100ns).
2026-03-07T23:02:54.926+05:30  WARN 25672 --- [JAWS] [HikariPool-1:housekeeper] com.zaxxer.hikari.pool.HikariPool        : HikariPool-1 - Thread starvation or clock leap detected (housekeeper delta=1m18s108ms100µs100ns).
2026-03-07T23:26:08.230+05:30  WARN 25672 --- [JAWS] [HikariPool-1:housekeeper] com.zaxxer.hikari.pool.HikariPool        : HikariPool-1 - Thread starvation or clock leap detected (housekeeper delta=3m43s22ms499µs600ns).
